#
# A fatal error has been detected by the Java Runtime Environment:
#
#  Internal Error (macroAssembler_x86.cpp:864), pid=7412, tid=20120
#  fatal error: DEBUG MESSAGE: illegal bytecode sequence - method not verified
#
# JRE version: Java(TM) SE Runtime Environment (17.0.10+11) (build 17.0.10+11-LTS-240)
# Java VM: Java HotSpot(TM) 64-Bit Server VM (17.0.10+11-LTS-240, mixed mode, emulated-client, sharing, tiered, compressed oops, compressed class ptrs, g1 gc, windows-amd64)
# No core dump will be written. Minidumps are not enabled by default on client versions of Windows
#
# If you would like to submit a bug report, please visit:
#   https://bugreport.java.com/bugreport/crash.jsp
#

---------------  S U M M A R Y ------------

Command Line: -XX:TieredStopAtLevel=1 -Dspring.output.ansi.enabled=always -Dcom.sun.management.jmxremote -Dspring.jmx.enabled=true -Dspring.liveBeansView.mbeanDomain -Dspring.application.admin.enabled=true -Dmanagement.endpoints.jmx.exposure.include=* -javaagent:C:\Program Files\JetBrains\IntelliJ IDEA 2024.1.3\lib\idea_rt.jar=62113:C:\Program Files\JetBrains\IntelliJ IDEA 2024.1.3\bin -Dfile.encoding=UTF-8 com.yanoos.MemberApplication

Host: Intel(R) Core(TM) i5-9400F CPU @ 2.90GHz, 6 cores, 31G,  Windows 10 , 64 bit Build 19041 (10.0.19041.5438)
Time: Thu Feb 20 11:17:20 2025  Windows 10 , 64 bit Build 19041 (10.0.19041.5438) elapsed time: 1.138889 seconds (0d 0h 0m 1s)

---------------  T H R E A D  ---------------

Current thread (0x00000147fe864600):  JavaThread "RMI TCP Connection(1)-192.168.45.163" daemon [_thread_in_Java, id=20120, stack(0x0000002518600000,0x0000002518700000)]

Stack: [0x0000002518600000,0x0000002518700000]
Native frames: (J=compiled Java code, j=interpreted, Vv=VM code, C=native code)
V  [jvm.dll+0x677a5a]
V  [jvm.dll+0x7d8b2d]
V  [jvm.dll+0x7da48e]
V  [jvm.dll+0x24534b]
V  [jvm.dll+0x5adb8e]
C  0x00000147a3919077


---------------  P R O C E S S  ---------------

Threads class SMR info:
_java_thread_list=0x00000147fe7e87a0, length=17, elements={
0x000001479c088430, 0x00000147b9a61ce0, 0x00000147b9a64880, 0x00000147b9a7da00,
0x00000147b9a7f2e0, 0x00000147b9a7fbb0, 0x00000147b9a80480, 0x00000147b9a80e00,
0x00000147b9a84c10, 0x00000147b9a4a0f0, 0x00000147bc30e320, 0x00000147bc312a40,
0x00000147bcac3620, 0x00000147bcac3b00, 0x00000147bcbd76c0, 0x00000147fe787e10,
0x00000147fe864600
}

Java Threads: ( => current thread )
  0x000001479c088430 JavaThread "main" [_thread_in_vm, id=21768, stack(0x0000002516800000,0x0000002516900000)]
  0x00000147b9a61ce0 JavaThread "Reference Handler" daemon [_thread_blocked, id=8352, stack(0x0000002516f00000,0x0000002517000000)]
  0x00000147b9a64880 JavaThread "Finalizer" daemon [_thread_blocked, id=8832, stack(0x0000002517000000,0x0000002517100000)]
  0x00000147b9a7da00 JavaThread "Signal Dispatcher" daemon [_thread_blocked, id=1848, stack(0x0000002517100000,0x0000002517200000)]
  0x00000147b9a7f2e0 JavaThread "Attach Listener" daemon [_thread_blocked, id=15088, stack(0x0000002517200000,0x0000002517300000)]
  0x00000147b9a7fbb0 JavaThread "Service Thread" daemon [_thread_blocked, id=22404, stack(0x0000002517300000,0x0000002517400000)]
  0x00000147b9a80480 JavaThread "Monitor Deflation Thread" daemon [_thread_blocked, id=6744, stack(0x0000002517400000,0x0000002517500000)]
  0x00000147b9a80e00 JavaThread "C1 CompilerThread0" daemon [_thread_blocked, id=10528, stack(0x0000002517500000,0x0000002517600000)]
  0x00000147b9a84c10 JavaThread "Sweeper thread" daemon [_thread_blocked, id=21040, stack(0x0000002517600000,0x0000002517700000)]
  0x00000147b9a4a0f0 JavaThread "Common-Cleaner" daemon [_thread_blocked, id=20532, stack(0x0000002517700000,0x0000002517800000)]
  0x00000147bc30e320 JavaThread "C1 CompilerThread1" daemon [_thread_blocked, id=13496, stack(0x0000002517800000,0x0000002517900000)]
  0x00000147bc312a40 JavaThread "C1 CompilerThread2" daemon [_thread_blocked, id=22380, stack(0x0000002517900000,0x0000002517a00000)]
  0x00000147bcac3620 JavaThread "Monitor Ctrl-Break" daemon [_thread_in_native, id=21988, stack(0x0000002517a00000,0x0000002517b00000)]
  0x00000147bcac3b00 JavaThread "Notification Thread" daemon [_thread_blocked, id=2660, stack(0x0000002517b00000,0x0000002517c00000)]
  0x00000147bcbd76c0 JavaThread "RMI TCP Accept-0" daemon [_thread_in_native, id=20928, stack(0x0000002517c00000,0x0000002517d00000)]
  0x00000147fe787e10 JavaThread "background-preinit" [_thread_in_native, id=19988, stack(0x0000002518500000,0x0000002518600000)]
=>0x00000147fe864600 JavaThread "RMI TCP Connection(1)-192.168.45.163" daemon [_thread_in_Java, id=20120, stack(0x0000002518600000,0x0000002518700000)]

Other Threads:
  0x00000147b9a575f0 VMThread "VM Thread" [stack: 0x0000002516e00000,0x0000002516f00000] [id=5616]
  0x00000147bcc04ee0 WatcherThread [stack: 0x0000002517d00000,0x0000002517e00000] [id=21392]
  0x000001479c0f38c0 GCTaskThread "GC Thread#0" [stack: 0x0000002516900000,0x0000002516a00000] [id=21612]
  0x00000147bcd0e960 GCTaskThread "GC Thread#1" [stack: 0x0000002517e00000,0x0000002517f00000] [id=20040]
  0x00000147bcd0ec20 GCTaskThread "GC Thread#2" [stack: 0x0000002517f00000,0x0000002518000000] [id=13452]
  0x00000147bcc33020 GCTaskThread "GC Thread#3" [stack: 0x0000002518000000,0x0000002518100000] [id=20028]
  0x00000147bcc342f0 GCTaskThread "GC Thread#4" [stack: 0x0000002518100000,0x0000002518200000] [id=19660]
  0x00000147bcc34dc0 GCTaskThread "GC Thread#5" [stack: 0x0000002518200000,0x0000002518300000] [id=7308]
  0x000001479c1065d0 ConcurrentGCThread "G1 Main Marker" [stack: 0x0000002516a00000,0x0000002516b00000] [id=22484]
  0x000001479c106df0 ConcurrentGCThread "G1 Conc#0" [stack: 0x0000002516b00000,0x0000002516c00000] [id=1184]
  0x00000147b99943e0 ConcurrentGCThread "G1 Refine#0" [stack: 0x0000002516c00000,0x0000002516d00000] [id=15284]
  0x00000147fe49b660 ConcurrentGCThread "G1 Refine#1" [stack: 0x0000002518300000,0x0000002518400000] [id=10696]
  0x00000147fe49b950 ConcurrentGCThread "G1 Refine#2" [stack: 0x0000002518400000,0x0000002518500000] [id=11040]
  0x00000147b9994c20 ConcurrentGCThread "G1 Service" [stack: 0x0000002516d00000,0x0000002516e00000] [id=4032]

Threads with active compile tasks:

VM state: not at safepoint (normal execution)

VM Mutex/Monitor currently owned by a thread: None

Heap address: 0x0000000600c00000, size: 8180 MB, Compressed Oops mode: Zero based, Oop shift amount: 3

CDS archive(s) mapped at: [0x00000147bd000000-0x00000147bdbd0000-0x00000147bdbd0000), size 12386304, SharedBaseAddress: 0x00000147bd000000, ArchiveRelocationMode: 1.
Compressed class space mapped at: 0x00000147be000000-0x00000147fe000000, reserved size: 1073741824
Narrow klass base: 0x00000147bd000000, Narrow klass shift: 0, Narrow klass range: 0x100000000

GC Precious Log:
 CPUs: 6 total, 6 available
 Memory: 32712M
 Large Page Support: Disabled
 NUMA Support: Disabled
 Compressed Oops: Enabled (Zero based)
 Heap Region Size: 4M
 Heap Min Capacity: 8M
 Heap Initial Capacity: 512M
 Heap Max Capacity: 8180M
 Pre-touch: Disabled
 Parallel Workers: 6
 Concurrent Workers: 2
 Concurrent Refinement Workers: 6
 Periodic GC: Disabled

Heap:
 garbage-first heap   total 524288K, used 40583K [0x0000000600c00000, 0x0000000800000000)
  region size 4096K, 9 young (36864K), 1 survivors (4096K)
 Metaspace       used 14712K, committed 14976K, reserved 1114112K
  class space    used 2063K, committed 2176K, reserved 1048576K

Heap Regions: E=young(eden), S=young(survivor), O=old, HS=humongous(starts), HC=humongous(continues), CS=collection set, F=free, OA=open archive, CA=closed archive, TAMS=top-at-mark-start (previous, next)
|   0|0x0000000600c00000, 0x0000000601000000, 0x0000000601000000|100%| O|  |TAMS 0x0000000600c00000, 0x0000000600c00000| Untracked 
|   1|0x0000000601000000, 0x0000000601400000, 0x0000000601400000|100%| O|  |TAMS 0x0000000601000000, 0x0000000601000000| Untracked 
|   2|0x0000000601400000, 0x000000060161ce00, 0x0000000601800000| 52%| O|  |TAMS 0x0000000601400000, 0x0000000601400000| Untracked 
|   3|0x0000000601800000, 0x0000000601800000, 0x0000000601c00000|  0%| F|  |TAMS 0x0000000601800000, 0x0000000601800000| Untracked 
|   4|0x0000000601c00000, 0x0000000601c00000, 0x0000000602000000|  0%| F|  |TAMS 0x0000000601c00000, 0x0000000601c00000| Untracked 
|   5|0x0000000602000000, 0x0000000602000000, 0x0000000602400000|  0%| F|  |TAMS 0x0000000602000000, 0x0000000602000000| Untracked 
|   6|0x0000000602400000, 0x0000000602400000, 0x0000000602800000|  0%| F|  |TAMS 0x0000000602400000, 0x0000000602400000| Untracked 
|   7|0x0000000602800000, 0x0000000602800000, 0x0000000602c00000|  0%| F|  |TAMS 0x0000000602800000, 0x0000000602800000| Untracked 
|   8|0x0000000602c00000, 0x0000000602c00000, 0x0000000603000000|  0%| F|  |TAMS 0x0000000602c00000, 0x0000000602c00000| Untracked 
|   9|0x0000000603000000, 0x0000000603000000, 0x0000000603400000|  0%| F|  |TAMS 0x0000000603000000, 0x0000000603000000| Untracked 
|  10|0x0000000603400000, 0x0000000603400000, 0x0000000603800000|  0%| F|  |TAMS 0x0000000603400000, 0x0000000603400000| Untracked 
|  11|0x0000000603800000, 0x0000000603800000, 0x0000000603c00000|  0%| F|  |TAMS 0x0000000603800000, 0x0000000603800000| Untracked 
|  12|0x0000000603c00000, 0x0000000603c00000, 0x0000000604000000|  0%| F|  |TAMS 0x0000000603c00000, 0x0000000603c00000| Untracked 
|  13|0x0000000604000000, 0x0000000604000000, 0x0000000604400000|  0%| F|  |TAMS 0x0000000604000000, 0x0000000604000000| Untracked 
|  14|0x0000000604400000, 0x0000000604400000, 0x0000000604800000|  0%| F|  |TAMS 0x0000000604400000, 0x0000000604400000| Untracked 
|  15|0x0000000604800000, 0x0000000604800000, 0x0000000604c00000|  0%| F|  |TAMS 0x0000000604800000, 0x0000000604800000| Untracked 
|  16|0x0000000604c00000, 0x0000000604c00000, 0x0000000605000000|  0%| F|  |TAMS 0x0000000604c00000, 0x0000000604c00000| Untracked 
|  17|0x0000000605000000, 0x0000000605000000, 0x0000000605400000|  0%| F|  |TAMS 0x0000000605000000, 0x0000000605000000| Untracked 
|  18|0x0000000605400000, 0x0000000605400000, 0x0000000605800000|  0%| F|  |TAMS 0x0000000605400000, 0x0000000605400000| Untracked 
|  19|0x0000000605800000, 0x0000000605800000, 0x0000000605c00000|  0%| F|  |TAMS 0x0000000605800000, 0x0000000605800000| Untracked 
|  20|0x0000000605c00000, 0x0000000605c00000, 0x0000000606000000|  0%| F|  |TAMS 0x0000000605c00000, 0x0000000605c00000| Untracked 
|  21|0x0000000606000000, 0x0000000606000000, 0x0000000606400000|  0%| F|  |TAMS 0x0000000606000000, 0x0000000606000000| Untracked 
|  22|0x0000000606400000, 0x0000000606400000, 0x0000000606800000|  0%| F|  |TAMS 0x0000000606400000, 0x0000000606400000| Untracked 
|  23|0x0000000606800000, 0x0000000606800000, 0x0000000606c00000|  0%| F|  |TAMS 0x0000000606800000, 0x0000000606800000| Untracked 
|  24|0x0000000606c00000, 0x0000000606c00000, 0x0000000607000000|  0%| F|  |TAMS 0x0000000606c00000, 0x0000000606c00000| Untracked 
|  25|0x0000000607000000, 0x0000000607000000, 0x0000000607400000|  0%| F|  |TAMS 0x0000000607000000, 0x0000000607000000| Untracked 
|  26|0x0000000607400000, 0x0000000607400000, 0x0000000607800000|  0%| F|  |TAMS 0x0000000607400000, 0x0000000607400000| Untracked 
|  27|0x0000000607800000, 0x0000000607800000, 0x0000000607c00000|  0%| F|  |TAMS 0x0000000607800000, 0x0000000607800000| Untracked 
|  28|0x0000000607c00000, 0x0000000607c00000, 0x0000000608000000|  0%| F|  |TAMS 0x0000000607c00000, 0x0000000607c00000| Untracked 
|  29|0x0000000608000000, 0x0000000608000000, 0x0000000608400000|  0%| F|  |TAMS 0x0000000608000000, 0x0000000608000000| Untracked 
|  30|0x0000000608400000, 0x0000000608400000, 0x0000000608800000|  0%| F|  |TAMS 0x0000000608400000, 0x0000000608400000| Untracked 
|  31|0x0000000608800000, 0x0000000608800000, 0x0000000608c00000|  0%| F|  |TAMS 0x0000000608800000, 0x0000000608800000| Untracked 
|  32|0x0000000608c00000, 0x0000000608c00000, 0x0000000609000000|  0%| F|  |TAMS 0x0000000608c00000, 0x0000000608c00000| Untracked 
|  33|0x0000000609000000, 0x0000000609000000, 0x0000000609400000|  0%| F|  |TAMS 0x0000000609000000, 0x0000000609000000| Untracked 
|  34|0x0000000609400000, 0x0000000609400000, 0x0000000609800000|  0%| F|  |TAMS 0x0000000609400000, 0x0000000609400000| Untracked 
|  35|0x0000000609800000, 0x0000000609800000, 0x0000000609c00000|  0%| F|  |TAMS 0x0000000609800000, 0x0000000609800000| Untracked 
|  36|0x0000000609c00000, 0x0000000609c00000, 0x000000060a000000|  0%| F|  |TAMS 0x0000000609c00000, 0x0000000609c00000| Untracked 
|  37|0x000000060a000000, 0x000000060a000000, 0x000000060a400000|  0%| F|  |TAMS 0x000000060a000000, 0x000000060a000000| Untracked 
|  38|0x000000060a400000, 0x000000060a400000, 0x000000060a800000|  0%| F|  |TAMS 0x000000060a400000, 0x000000060a400000| Untracked 
|  39|0x000000060a800000, 0x000000060a800000, 0x000000060ac00000|  0%| F|  |TAMS 0x000000060a800000, 0x000000060a800000| Untracked 
|  40|0x000000060ac00000, 0x000000060ac00000, 0x000000060b000000|  0%| F|  |TAMS 0x000000060ac00000, 0x000000060ac00000| Untracked 
|  41|0x000000060b000000, 0x000000060b000000, 0x000000060b400000|  0%| F|  |TAMS 0x000000060b000000, 0x000000060b000000| Untracked 
|  42|0x000000060b400000, 0x000000060b400000, 0x000000060b800000|  0%| F|  |TAMS 0x000000060b400000, 0x000000060b400000| Untracked 
|  43|0x000000060b800000, 0x000000060b800000, 0x000000060bc00000|  0%| F|  |TAMS 0x000000060b800000, 0x000000060b800000| Untracked 
|  44|0x000000060bc00000, 0x000000060bc00000, 0x000000060c000000|  0%| F|  |TAMS 0x000000060bc00000, 0x000000060bc00000| Untracked 
|  45|0x000000060c000000, 0x000000060c000000, 0x000000060c400000|  0%| F|  |TAMS 0x000000060c000000, 0x000000060c000000| Untracked 
|  46|0x000000060c400000, 0x000000060c400000, 0x000000060c800000|  0%| F|  |TAMS 0x000000060c400000, 0x000000060c400000| Untracked 
|  47|0x000000060c800000, 0x000000060c800000, 0x000000060cc00000|  0%| F|  |TAMS 0x000000060c800000, 0x000000060c800000| Untracked 
|  48|0x000000060cc00000, 0x000000060cc00000, 0x000000060d000000|  0%| F|  |TAMS 0x000000060cc00000, 0x000000060cc00000| Untracked 
|  49|0x000000060d000000, 0x000000060d000000, 0x000000060d400000|  0%| F|  |TAMS 0x000000060d000000, 0x000000060d000000| Untracked 
|  50|0x000000060d400000, 0x000000060d400000, 0x000000060d800000|  0%| F|  |TAMS 0x000000060d400000, 0x000000060d400000| Untracked 
|  51|0x000000060d800000, 0x000000060d800000, 0x000000060dc00000|  0%| F|  |TAMS 0x000000060d800000, 0x000000060d800000| Untracked 
|  52|0x000000060dc00000, 0x000000060dc00000, 0x000000060e000000|  0%| F|  |TAMS 0x000000060dc00000, 0x000000060dc00000| Untracked 
|  53|0x000000060e000000, 0x000000060e000000, 0x000000060e400000|  0%| F|  |TAMS 0x000000060e000000, 0x000000060e000000| Untracked 
|  54|0x000000060e400000, 0x000000060e400000, 0x000000060e800000|  0%| F|  |TAMS 0x000000060e400000, 0x000000060e400000| Untracked 
|  55|0x000000060e800000, 0x000000060e800000, 0x000000060ec00000|  0%| F|  |TAMS 0x000000060e800000, 0x000000060e800000| Untracked 
|  56|0x000000060ec00000, 0x000000060ec00000, 0x000000060f000000|  0%| F|  |TAMS 0x000000060ec00000, 0x000000060ec00000| Untracked 
|  57|0x000000060f000000, 0x000000060f000000, 0x000000060f400000|  0%| F|  |TAMS 0x000000060f000000, 0x000000060f000000| Untracked 
|  58|0x000000060f400000, 0x000000060f400000, 0x000000060f800000|  0%| F|  |TAMS 0x000000060f400000, 0x000000060f400000| Untracked 
|  59|0x000000060f800000, 0x000000060f800000, 0x000000060fc00000|  0%| F|  |TAMS 0x000000060f800000, 0x000000060f800000| Untracked 
|  60|0x000000060fc00000, 0x000000060fc00000, 0x0000000610000000|  0%| F|  |TAMS 0x000000060fc00000, 0x000000060fc00000| Untracked 
|  61|0x0000000610000000, 0x0000000610000000, 0x0000000610400000|  0%| F|  |TAMS 0x0000000610000000, 0x0000000610000000| Untracked 
|  62|0x0000000610400000, 0x0000000610400000, 0x0000000610800000|  0%| F|  |TAMS 0x0000000610400000, 0x0000000610400000| Untracked 
|  63|0x0000000610800000, 0x0000000610800000, 0x0000000610c00000|  0%| F|  |TAMS 0x0000000610800000, 0x0000000610800000| Untracked 
|  64|0x0000000610c00000, 0x0000000610c00000, 0x0000000611000000|  0%| F|  |TAMS 0x0000000610c00000, 0x0000000610c00000| Untracked 
|  65|0x0000000611000000, 0x0000000611000000, 0x0000000611400000|  0%| F|  |TAMS 0x0000000611000000, 0x0000000611000000| Untracked 
|  66|0x0000000611400000, 0x0000000611400000, 0x0000000611800000|  0%| F|  |TAMS 0x0000000611400000, 0x0000000611400000| Untracked 
|  67|0x0000000611800000, 0x0000000611800000, 0x0000000611c00000|  0%| F|  |TAMS 0x0000000611800000, 0x0000000611800000| Untracked 
|  68|0x0000000611c00000, 0x0000000611c00000, 0x0000000612000000|  0%| F|  |TAMS 0x0000000611c00000, 0x0000000611c00000| Untracked 
|  69|0x0000000612000000, 0x0000000612000000, 0x0000000612400000|  0%| F|  |TAMS 0x0000000612000000, 0x0000000612000000| Untracked 
|  70|0x0000000612400000, 0x0000000612400000, 0x0000000612800000|  0%| F|  |TAMS 0x0000000612400000, 0x0000000612400000| Untracked 
|  71|0x0000000612800000, 0x0000000612800000, 0x0000000612c00000|  0%| F|  |TAMS 0x0000000612800000, 0x0000000612800000| Untracked 
|  72|0x0000000612c00000, 0x0000000612c00000, 0x0000000613000000|  0%| F|  |TAMS 0x0000000612c00000, 0x0000000612c00000| Untracked 
|  73|0x0000000613000000, 0x0000000613000000, 0x0000000613400000|  0%| F|  |TAMS 0x0000000613000000, 0x0000000613000000| Untracked 
|  74|0x0000000613400000, 0x0000000613400000, 0x0000000613800000|  0%| F|  |TAMS 0x0000000613400000, 0x0000000613400000| Untracked 
|  75|0x0000000613800000, 0x0000000613800000, 0x0000000613c00000|  0%| F|  |TAMS 0x0000000613800000, 0x0000000613800000| Untracked 
|  76|0x0000000613c00000, 0x0000000613c00000, 0x0000000614000000|  0%| F|  |TAMS 0x0000000613c00000, 0x0000000613c00000| Untracked 
|  77|0x0000000614000000, 0x0000000614000000, 0x0000000614400000|  0%| F|  |TAMS 0x0000000614000000, 0x0000000614000000| Untracked 
|  78|0x0000000614400000, 0x0000000614400000, 0x0000000614800000|  0%| F|  |TAMS 0x0000000614400000, 0x0000000614400000| Untracked 
|  79|0x0000000614800000, 0x0000000614800000, 0x0000000614c00000|  0%| F|  |TAMS 0x0000000614800000, 0x0000000614800000| Untracked 
|  80|0x0000000614c00000, 0x0000000614c00000, 0x0000000615000000|  0%| F|  |TAMS 0x0000000614c00000, 0x0000000614c00000| Untracked 
|  81|0x0000000615000000, 0x0000000615000000, 0x0000000615400000|  0%| F|  |TAMS 0x0000000615000000, 0x0000000615000000| Untracked 
|  82|0x0000000615400000, 0x0000000615400000, 0x0000000615800000|  0%| F|  |TAMS 0x0000000615400000, 0x0000000615400000| Untracked 
|  83|0x0000000615800000, 0x0000000615800000, 0x0000000615c00000|  0%| F|  |TAMS 0x0000000615800000, 0x0000000615800000| Untracked 
|  84|0x0000000615c00000, 0x0000000615c00000, 0x0000000616000000|  0%| F|  |TAMS 0x0000000615c00000, 0x0000000615c00000| Untracked 
|  85|0x0000000616000000, 0x0000000616000000, 0x0000000616400000|  0%| F|  |TAMS 0x0000000616000000, 0x0000000616000000| Untracked 
|  86|0x0000000616400000, 0x0000000616400000, 0x0000000616800000|  0%| F|  |TAMS 0x0000000616400000, 0x0000000616400000| Untracked 
|  87|0x0000000616800000, 0x0000000616800000, 0x0000000616c00000|  0%| F|  |TAMS 0x0000000616800000, 0x0000000616800000| Untracked 
|  88|0x0000000616c00000, 0x0000000616c00000, 0x0000000617000000|  0%| F|  |TAMS 0x0000000616c00000, 0x0000000616c00000| Untracked 
|  89|0x0000000617000000, 0x0000000617000000, 0x0000000617400000|  0%| F|  |TAMS 0x0000000617000000, 0x0000000617000000| Untracked 
|  90|0x0000000617400000, 0x0000000617400000, 0x0000000617800000|  0%| F|  |TAMS 0x0000000617400000, 0x0000000617400000| Untracked 
|  91|0x0000000617800000, 0x0000000617800000, 0x0000000617c00000|  0%| F|  |TAMS 0x0000000617800000, 0x0000000617800000| Untracked 
|  92|0x0000000617c00000, 0x0000000617c00000, 0x0000000618000000|  0%| F|  |TAMS 0x0000000617c00000, 0x0000000617c00000| Untracked 
|  93|0x0000000618000000, 0x0000000618000000, 0x0000000618400000|  0%| F|  |TAMS 0x0000000618000000, 0x0000000618000000| Untracked 
|  94|0x0000000618400000, 0x0000000618400000, 0x0000000618800000|  0%| F|  |TAMS 0x0000000618400000, 0x0000000618400000| Untracked 
|  95|0x0000000618800000, 0x0000000618800000, 0x0000000618c00000|  0%| F|  |TAMS 0x0000000618800000, 0x0000000618800000| Untracked 
|  96|0x0000000618c00000, 0x0000000618c00000, 0x0000000619000000|  0%| F|  |TAMS 0x0000000618c00000, 0x0000000618c00000| Untracked 
|  97|0x0000000619000000, 0x0000000619000000, 0x0000000619400000|  0%| F|  |TAMS 0x0000000619000000, 0x0000000619000000| Untracked 
|  98|0x0000000619400000, 0x0000000619400000, 0x0000000619800000|  0%| F|  |TAMS 0x0000000619400000, 0x0000000619400000| Untracked 
|  99|0x0000000619800000, 0x0000000619800000, 0x0000000619c00000|  0%| F|  |TAMS 0x0000000619800000, 0x0000000619800000| Untracked 
| 100|0x0000000619c00000, 0x0000000619c00000, 0x000000061a000000|  0%| F|  |TAMS 0x0000000619c00000, 0x0000000619c00000| Untracked 
| 101|0x000000061a000000, 0x000000061a000000, 0x000000061a400000|  0%| F|  |TAMS 0x000000061a000000, 0x000000061a000000| Untracked 
| 102|0x000000061a400000, 0x000000061a400000, 0x000000061a800000|  0%| F|  |TAMS 0x000000061a400000, 0x000000061a400000| Untracked 
| 103|0x000000061a800000, 0x000000061a800000, 0x000000061ac00000|  0%| F|  |TAMS 0x000000061a800000, 0x000000061a800000| Untracked 
| 104|0x000000061ac00000, 0x000000061ac00000, 0x000000061b000000|  0%| F|  |TAMS 0x000000061ac00000, 0x000000061ac00000| Untracked 
| 105|0x000000061b000000, 0x000000061b000000, 0x000000061b400000|  0%| F|  |TAMS 0x000000061b000000, 0x000000061b000000| Untracked 
| 106|0x000000061b400000, 0x000000061b400000, 0x000000061b800000|  0%| F|  |TAMS 0x000000061b400000, 0x000000061b400000| Untracked 
| 107|0x000000061b800000, 0x000000061b800000, 0x000000061bc00000|  0%| F|  |TAMS 0x000000061b800000, 0x000000061b800000| Untracked 
| 108|0x000000061bc00000, 0x000000061bc00000, 0x000000061c000000|  0%| F|  |TAMS 0x000000061bc00000, 0x000000061bc00000| Untracked 
| 109|0x000000061c000000, 0x000000061c000000, 0x000000061c400000|  0%| F|  |TAMS 0x000000061c000000, 0x000000061c000000| Untracked 
| 110|0x000000061c400000, 0x000000061c400000, 0x000000061c800000|  0%| F|  |TAMS 0x000000061c400000, 0x000000061c400000| Untracked 
| 111|0x000000061c800000, 0x000000061c800000, 0x000000061cc00000|  0%| F|  |TAMS 0x000000061c800000, 0x000000061c800000| Untracked 
| 112|0x000000061cc00000, 0x000000061cc00000, 0x000000061d000000|  0%| F|  |TAMS 0x000000061cc00000, 0x000000061cc00000| Untracked 
| 113|0x000000061d000000, 0x000000061d000000, 0x000000061d400000|  0%| F|  |TAMS 0x000000061d000000, 0x000000061d000000| Untracked 
| 114|0x000000061d400000, 0x000000061d400000, 0x000000061d800000|  0%| F|  |TAMS 0x000000061d400000, 0x000000061d400000| Untracked 
| 115|0x000000061d800000, 0x000000061d800000, 0x000000061dc00000|  0%| F|  |TAMS 0x000000061d800000, 0x000000061d800000| Untracked 
| 116|0x000000061dc00000, 0x000000061dc00000, 0x000000061e000000|  0%| F|  |TAMS 0x000000061dc00000, 0x000000061dc00000| Untracked 
| 117|0x000000061e000000, 0x000000061e000000, 0x000000061e400000|  0%| F|  |TAMS 0x000000061e000000, 0x000000061e000000| Untracked 
| 118|0x000000061e400000, 0x000000061e400000, 0x000000061e800000|  0%| F|  |TAMS 0x000000061e400000, 0x000000061e400000| Untracked 
| 119|0x000000061e800000, 0x000000061eab7300, 0x000000061ec00000| 67%| E|  |TAMS 0x000000061e800000, 0x000000061e800000| Complete 
| 120|0x000000061ec00000, 0x000000061f000000, 0x000000061f000000|100%| E|CS|TAMS 0x000000061ec00000, 0x000000061ec00000| Complete 
| 121|0x000000061f000000, 0x000000061f400000, 0x000000061f400000|100%| E|CS|TAMS 0x000000061f000000, 0x000000061f000000| Complete 
| 122|0x000000061f400000, 0x000000061f584e58, 0x000000061f800000| 37%| S|CS|TAMS 0x000000061f400000, 0x000000061f400000| Complete 
| 123|0x000000061f800000, 0x000000061fc00000, 0x000000061fc00000|100%| E|CS|TAMS 0x000000061f800000, 0x000000061f800000| Complete 
| 124|0x000000061fc00000, 0x0000000620000000, 0x0000000620000000|100%| E|CS|TAMS 0x000000061fc00000, 0x000000061fc00000| Complete 
| 125|0x0000000620000000, 0x0000000620400000, 0x0000000620400000|100%| E|CS|TAMS 0x0000000620000000, 0x0000000620000000| Complete 
| 126|0x0000000620400000, 0x0000000620800000, 0x0000000620800000|100%| E|CS|TAMS 0x0000000620400000, 0x0000000620400000| Complete 
| 127|0x0000000620800000, 0x0000000620c00000, 0x0000000620c00000|100%| E|CS|TAMS 0x0000000620800000, 0x0000000620800000| Complete 

Card table byte_map: [0x00000147a7910000,0x00000147a8910000] _byte_map_base: 0x00000147a490a000

Marking Bits (Prev, Next): (CMBitMap*) 0x000001479c0f5d10, (CMBitMap*) 0x000001479c0f5d50
 Prev Bits: [0x00000147a9910000, 0x00000147b18e0000)
 Next Bits: [0x00000147b18e0000, 0x00000147b98b0000)

Polling page: 0x0000014799fc0000

Metaspace:

Usage:
  Non-class:     12.50 MB used.
      Class:      2.04 MB used.
       Both:     14.54 MB used.

Virtual space:
  Non-class space:       64.00 MB reserved,      12.62 MB ( 20%) committed,  1 nodes.
      Class space:        1.00 GB reserved,       2.19 MB ( <1%) committed,  1 nodes.
             Both:        1.06 GB reserved,      14.81 MB (  1%) committed. 

Chunk freelists:
   Non-Class:  3.28 MB
       Class:  13.86 MB
        Both:  17.14 MB

MaxMetaspaceSize: unlimited
CompressedClassSpaceSize: 1.00 GB
Initial GC threshold: 21.00 MB
Current GC threshold: 21.00 MB
CDS: on
MetaspaceReclaimPolicy: balanced
 - commit_granule_bytes: 65536.
 - commit_granule_words: 8192.
 - virtual_space_node_default_size: 8388608.
 - enlarge_chunks_in_place: 1.
 - new_chunks_are_fully_committed: 0.
 - uncommit_free_chunks: 1.
 - use_allocation_guard: 0.
 - handle_deallocations: 1.


Internal statistics:

num_allocs_failed_limit: 0.
num_arena_births: 236.
num_arena_deaths: 0.
num_vsnodes_births: 2.
num_vsnodes_deaths: 0.
num_space_committed: 237.
num_space_uncommitted: 0.
num_chunks_returned_to_freelist: 0.
num_chunks_taken_from_freelist: 648.
num_chunk_merges: 0.
num_chunk_splits: 419.
num_chunks_enlarged: 302.
num_inconsistent_stats: 0.

CodeCache: size=49152Kb used=5326Kb max_used=5326Kb free=43825Kb
 bounds [0x00000147a3910000, 0x00000147a3e50000, 0x00000147a6910000]
 total_blobs=2534 nmethods=2042 adapters=417
 compilation: enabled
              stopped_count=0, restarted_count=0
 full_count=0

Compilation events (20 events):
Event: 1.114 Thread 0x00000147bc312a40 nmethod 1999 0x00000147a3e2b990 code [0x00000147a3e2bb20, 0x00000147a3e2bbf8]
Event: 1.117 Thread 0x00000147bc30e320 2000       1       java.lang.reflect.Constructor::getSharedParameterTypes (5 bytes)
Event: 1.117 Thread 0x00000147bc30e320 nmethod 2000 0x00000147a3e2bc90 code [0x00000147a3e2be20, 0x00000147a3e2bef8]
Event: 1.118 Thread 0x00000147bc312a40 2001       1       ch.qos.logback.classic.Logger::getChildByName (68 bytes)
Event: 1.118 Thread 0x00000147bc312a40 nmethod 2001 0x00000147a3e2bf90 code [0x00000147a3e2c160, 0x00000147a3e2c3c8]
Event: 1.131 Thread 0x00000147bc30e320 2002       1       java.util.Locale::getLanguage (8 bytes)
Event: 1.131 Thread 0x00000147bc30e320 nmethod 2002 0x00000147a3e2cf10 code [0x00000147a3e2d0a0, 0x00000147a3e2d178]
Event: 1.131 Thread 0x00000147bc30e320 2003       1       jdk.internal.org.objectweb.asm.FieldWriter::visitEnd (1 bytes)
Event: 1.131 Thread 0x00000147bc30e320 nmethod 2003 0x00000147a3e2d210 code [0x00000147a3e2d3a0, 0x00000147a3e2d458]
Event: 1.133 Thread 0x00000147bc30e320 2004       1       java.lang.invoke.LambdaFormBuffer::indexOf (33 bytes)
Event: 1.133 Thread 0x00000147bc30e320 nmethod 2004 0x00000147a3e2d510 code [0x00000147a3e2d6c0, 0x00000147a3e2d838]
Event: 1.133 Thread 0x00000147bc30e320 2005       1       java.util.Arrays::fill (28 bytes)
Event: 1.133 Thread 0x00000147bc30e320 nmethod 2005 0x00000147a3e2d910 code [0x00000147a3e2dac0, 0x00000147a3e2dcc8]
Event: 1.136 Thread 0x00000147bc312a40 2006       1       java.nio.HeapByteBuffer::getShort (29 bytes)
Event: 1.136 Thread 0x00000147bc30e320 2007   !   1       jdk.internal.misc.ScopedMemoryAccess::getShortUnaligned (22 bytes)
Event: 1.136 Thread 0x00000147b9a80e00 2008   !   1       jdk.internal.misc.ScopedMemoryAccess::getShortUnalignedInternal (38 bytes)
Event: 1.136 Thread 0x00000147b9a80e00 nmethod 2008 0x00000147a3e2e110 code [0x00000147a3e2e2a0, 0x00000147a3e2e428]
Event: 1.136 Thread 0x00000147bc30e320 nmethod 2007 0x00000147a3e2e510 code [0x00000147a3e2e6c0, 0x00000147a3e2e938]
Event: 1.136 Thread 0x00000147b9a80e00 2009       1       jdk.internal.misc.Unsafe::getShortUnaligned (12 bytes)
Event: 1.136 Thread 0x00000147bc30e320 2010       1       jdk.internal.misc.Unsafe::getShortUnaligned (33 bytes)

GC Heap History (4 events):
Event: 0.518 GC heap before
{Heap before GC invocations=0 (full 0):
 garbage-first heap   total 524288K, used 20480K [0x0000000600c00000, 0x0000000800000000)
  region size 4096K, 6 young (24576K), 0 survivors (0K)
 Metaspace       used 5181K, committed 5312K, reserved 1114112K
  class space    used 631K, committed 704K, reserved 1048576K
}
Event: 0.522 GC heap after
{Heap after GC invocations=1 (full 0):
 garbage-first heap   total 524288K, used 10451K [0x0000000600c00000, 0x0000000800000000)
  region size 4096K, 1 young (4096K), 1 survivors (4096K)
 Metaspace       used 5181K, committed 5312K, reserved 1114112K
  class space    used 631K, committed 704K, reserved 1048576K
}
Event: 0.809 GC heap before
{Heap before GC invocations=1 (full 0):
 garbage-first heap   total 524288K, used 30931K [0x0000000600c00000, 0x0000000800000000)
  region size 4096K, 6 young (24576K), 1 survivors (4096K)
 Metaspace       used 9667K, committed 9920K, reserved 1114112K
  class space    used 1328K, committed 1472K, reserved 1048576K
}
Event: 0.811 GC heap after
{Heap after GC invocations=2 (full 0):
 garbage-first heap   total 524288K, used 11911K [0x0000000600c00000, 0x0000000800000000)
  region size 4096K, 1 young (4096K), 1 survivors (4096K)
 Metaspace       used 9667K, committed 9920K, reserved 1114112K
  class space    used 1328K, committed 1472K, reserved 1048576K
}

Deoptimization events (0 events):
No events

Classes unloaded (0 events):
No events

Classes redefined (0 events):
No events

Internal exceptions (20 events):
Event: 0.892 Thread 0x000001479c088430 Exception <a 'java/lang/NoSuchMethodError'{0x000000062063fc28}: 'java.lang.Object java.lang.invoke.DirectMethodHandle$Holder.newInvokeSpecial(java.lang.Object, java.lang.Object, java.lang.Object, java.lang.Object, java.lang.Object, java.lang.Object, int)'> (0x000000062063fc28) 
thrown [s\open\src\hotspot\share\interpreter\linkResolver.cpp, line 759]
Event: 0.893 Thread 0x000001479c088430 Exception <a 'java/lang/NoSuchMethodError'{0x0000000620644c68}: 'java.lang.Object java.lang.invoke.DirectMethodHandle$Holder.invokeSpecial(java.lang.Object, java.lang.Object, java.lang.Object, java.lang.Object, java.lang.Object, java.lang.Object, java.lang.Object, int)'> (0x0000000620644c68) 
thrown [s\open\src\hotspot\share\interpreter\linkResolver.cpp, line 759]
Event: 0.925 Thread 0x000001479c088430 Exception <a 'java/lang/NoSuchMethodError'{0x000000062004db08}: 'void java.lang.invoke.DirectMethodHandle$Holder.invokeSpecial(java.lang.Object, java.lang.Object, java.lang.Object, java.lang.Object, java.lang.Object)'> (0x000000062004db08) 
thrown [s\open\src\hotspot\share\interpreter\linkResolver.cpp, line 759]
Event: 0.972 Thread 0x000001479c088430 Exception <a 'java/lang/NoSuchMethodError'{0x0000000620353e30}: 'void java.lang.invoke.DirectMethodHandle$Holder.invokeSpecial(java.lang.Object, java.lang.Object, java.lang.Object, java.lang.Object, java.lang.Object, java.lang.Object)'> (0x0000000620353e30) 
thrown [s\open\src\hotspot\share\interpreter\linkResolver.cpp, line 759]
Event: 0.985 Thread 0x000001479c088430 Exception <a 'java/lang/NoSuchMethodError'{0x000000061fc0e9a8}: 'java.lang.Object java.lang.invoke.DirectMethodHandle$Holder.invokeSpecial(java.lang.Object, java.lang.Object, java.lang.Object, int, java.lang.Object)'> (0x000000061fc0e9a8) 
thrown [s\open\src\hotspot\share\interpreter\linkResolver.cpp, line 759]
Event: 0.986 Thread 0x000001479c088430 Exception <a 'java/lang/NoSuchMethodError'{0x000000061fc17008}: 'java.lang.Object java.lang.invoke.DirectMethodHandle$Holder.newInvokeSpecial(java.lang.Object, java.lang.Object, java.lang.Object, int, java.lang.Object)'> (0x000000061fc17008) 
thrown [s\open\src\hotspot\share\interpreter\linkResolver.cpp, line 759]
Event: 0.986 Thread 0x000001479c088430 Exception <a 'java/lang/NoSuchMethodError'{0x000000061fc1e9d8}: 'java.lang.Object java.lang.invoke.Invokers$Holder.linkToTargetMethod(java.lang.Object, java.lang.Object, int, java.lang.Object, java.lang.Object)'> (0x000000061fc1e9d8) 
thrown [s\open\src\hotspot\share\interpreter\linkResolver.cpp, line 759]
Event: 0.987 Thread 0x000001479c088430 Exception <a 'java/lang/NoSuchMethodError'{0x000000061fc2f6f0}: 'java.lang.Object java.lang.invoke.DirectMethodHandle$Holder.newInvokeSpecial(java.lang.Object, int, java.lang.Object)'> (0x000000061fc2f6f0) 
thrown [s\open\src\hotspot\share\interpreter\linkResolver.cpp, line 759]
Event: 0.988 Thread 0x000001479c088430 Exception <a 'java/lang/NoSuchMethodError'{0x000000061fc34130}: 'int java.lang.invoke.DirectMethodHandle$Holder.invokeSpecialIFC(java.lang.Object, java.lang.Object, java.lang.Object, java.lang.Object)'> (0x000000061fc34130) 
thrown [s\open\src\hotspot\share\interpreter\linkResolver.cpp, line 759]
Event: 1.013 Thread 0x000001479c088430 Exception <a 'java/lang/NoSuchMethodError'{0x000000061fde79a8}: 'void java.lang.invoke.DirectMethodHandle$Holder.invokeInterface(java.lang.Object, java.lang.Object, java.lang.Object)'> (0x000000061fde79a8) 
thrown [s\open\src\hotspot\share\interpreter\linkResolver.cpp, line 759]
Event: 1.030 Thread 0x000001479c088430 Exception <a 'java/lang/NoSuchMethodError'{0x000000061feef538}: 'java.lang.Object java.lang.invoke.DirectMethodHandle$Holder.invokeVirtual(java.lang.Object, java.lang.Object, java.lang.Object)'> (0x000000061feef538) 
thrown [s\open\src\hotspot\share\interpreter\linkResolver.cpp, line 759]
Event: 1.036 Thread 0x000001479c088430 Exception <a 'java/lang/NoSuchMethodError'{0x000000061ff2f7c0}: 'void java.lang.invoke.DirectMethodHandle$Holder.invokeStatic(java.lang.Object, java.lang.Object, int)'> (0x000000061ff2f7c0) 
thrown [s\open\src\hotspot\share\interpreter\linkResolver.cpp, line 759]
Event: 1.039 Thread 0x000001479c088430 Exception <a 'java/lang/NoSuchMethodError'{0x000000061ff4a150}: 'void java.lang.invoke.DirectMethodHandle$Holder.invokeStaticInit(java.lang.Object, java.lang.Object, java.lang.Object)'> (0x000000061ff4a150) 
thrown [s\open\src\hotspot\share\interpreter\linkResolver.cpp, line 759]
Event: 1.043 Thread 0x000001479c088430 Exception <a 'java/lang/NoSuchMethodError'{0x000000061ff97068}: 'java.lang.Object java.lang.invoke.DirectMethodHandle$Holder.invokeStatic(java.lang.Object, java.lang.Object, long, java.lang.Object)'> (0x000000061ff97068) 
thrown [s\open\src\hotspot\share\interpreter\linkResolver.cpp, line 759]
Event: 1.043 Thread 0x000001479c088430 Exception <a 'java/lang/NoSuchMethodError'{0x000000061ff9ab00}: 'java.lang.Object java.lang.invoke.DirectMethodHandle$Holder.invokeStaticInit(java.lang.Object, java.lang.Object, long, java.lang.Object)'> (0x000000061ff9ab00) 
thrown [s\open\src\hotspot\share\interpreter\linkResolver.cpp, line 759]
Event: 1.043 Thread 0x000001479c088430 Exception <a 'java/lang/NoSuchMethodError'{0x000000061ffa1110}: 'java.lang.Object java.lang.invoke.DirectMethodHandle$Holder.newInvokeSpecial(java.lang.Object, java.lang.Object, long)'> (0x000000061ffa1110) 
thrown [s\open\src\hotspot\share\interpreter\linkResolver.cpp, line 759]
Event: 1.043 Thread 0x000001479c088430 Exception <a 'java/lang/NoSuchMethodError'{0x000000061ffa4c80}: 'java.lang.Object java.lang.invoke.Invokers$Holder.linkToTargetMethod(java.lang.Object, long, java.lang.Object)'> (0x000000061ffa4c80) 
thrown [s\open\src\hotspot\share\interpreter\linkResolver.cpp, line 759]
Event: 1.051 Thread 0x000001479c088430 Exception <a 'java/lang/NoSuchMethodError'{0x000000061f81bcc0}: 'java.lang.Object java.lang.invoke.DirectMethodHandle$Holder.newInvokeSpecial(java.lang.Object, java.lang.Object, java.lang.Object, java.lang.Object, java.lang.Object, java.lang.Object)'> (0x000000061f81bcc0) 
thrown [s\open\src\hotspot\share\interpreter\linkResolver.cpp, line 759]
Event: 1.060 Thread 0x000001479c088430 Exception <a 'java/lang/NoSuchMethodError'{0x000000061f88edc0}: 'void java.lang.invoke.DirectMethodHandle$Holder.invokeSpecial(java.lang.Object, java.lang.Object, java.lang.Object)'> (0x000000061f88edc0) 
thrown [s\open\src\hotspot\share\interpreter\linkResolver.cpp, line 759]
Event: 1.069 Thread 0x000001479c088430 Exception <a 'java/lang/IncompatibleClassChangeError'{0x000000061f8d09a0}: Found class java.lang.Object, but interface was expected> (0x000000061f8d09a0) 
thrown [s\open\src\hotspot\share\interpreter\linkResolver.cpp, line 826]

VM Operations (20 events):
Event: 0.302 Executing VM operation: HandshakeAllThreads
Event: 0.302 Executing VM operation: HandshakeAllThreads done
Event: 0.371 Executing VM operation: HandshakeAllThreads
Event: 0.371 Executing VM operation: HandshakeAllThreads done
Event: 0.464 Executing VM operation: HandshakeAllThreads
Event: 0.464 Executing VM operation: HandshakeAllThreads done
Event: 0.486 Executing VM operation: HandshakeAllThreads
Event: 0.486 Executing VM operation: HandshakeAllThreads done
Event: 0.490 Executing VM operation: HandshakeAllThreads
Event: 0.490 Executing VM operation: HandshakeAllThreads done
Event: 0.518 Executing VM operation: G1CollectForAllocation
Event: 0.522 Executing VM operation: G1CollectForAllocation done
Event: 0.659 Executing VM operation: HandshakeAllThreads
Event: 0.659 Executing VM operation: HandshakeAllThreads done
Event: 0.787 Executing VM operation: HandshakeAllThreads
Event: 0.787 Executing VM operation: HandshakeAllThreads done
Event: 0.809 Executing VM operation: G1CollectForAllocation
Event: 0.811 Executing VM operation: G1CollectForAllocation done
Event: 1.100 Executing VM operation: ICBufferFull
Event: 1.100 Executing VM operation: ICBufferFull done

Events (20 events):
Event: 1.135 loading class java/net/StandardSocketOptions
Event: 1.135 loading class java/net/StandardSocketOptions done
Event: 1.135 loading class java/net/StandardSocketOptions$StdSocketOption
Event: 1.135 loading class java/net/StandardSocketOptions$StdSocketOption done
Event: 1.135 loading class sun/nio/ch/SocketOptionRegistry
Event: 1.135 loading class sun/nio/ch/SocketOptionRegistry done
Event: 1.135 loading class sun/nio/ch/SocketOptionRegistry$RegistryKey
Event: 1.135 loading class sun/nio/ch/SocketOptionRegistry$RegistryKey done
Event: 1.135 loading class sun/nio/ch/SocketOptionRegistry$LazyInitialization
Event: 1.135 loading class sun/nio/ch/SocketOptionRegistry$LazyInitialization done
Event: 1.135 loading class sun/nio/ch/OptionKey
Event: 1.135 loading class sun/nio/ch/OptionKey done
Event: 1.135 loading class sun/nio/ch/ExtendedSocketOption
Event: 1.135 loading class sun/nio/ch/ExtendedSocketOption done
Event: 1.135 loading class sun/nio/ch/ExtendedSocketOption$1
Event: 1.135 loading class sun/nio/ch/ExtendedSocketOption$1 done
Event: 1.135 loading class java/net/Socket$SocketOutputStream
Event: 1.135 loading class java/net/Socket$SocketOutputStream done
Event: 1.135 loading class sun/nio/ch/NioSocketImpl$2
Event: 1.135 loading class sun/nio/ch/NioSocketImpl$2 done


Dynamic libraries:
0x00007ff7cd4b0000 - 0x00007ff7cd4c0000 	C:\Users\PC\java\jdk-17.0.10\bin\java.exe
0x00007fffff070000 - 0x00007fffff268000 	C:\Windows\SYSTEM32\ntdll.dll
0x00007ffffd470000 - 0x00007ffffd532000 	C:\Windows\System32\KERNEL32.DLL
0x00007ffffca30000 - 0x00007ffffcd2f000 	C:\Windows\System32\KERNELBASE.dll
0x00007ffffc780000 - 0x00007ffffc880000 	C:\Windows\System32\ucrtbase.dll
0x00007fffd7060000 - 0x00007fffd7079000 	C:\Users\PC\java\jdk-17.0.10\bin\jli.dll
0x00007ffffd120000 - 0x00007ffffd1cf000 	C:\Windows\System32\ADVAPI32.dll
0x00007fffd3e70000 - 0x00007fffd3e8b000 	C:\Users\PC\java\jdk-17.0.10\bin\VCRUNTIME140.dll
0x00007ffffe100000 - 0x00007ffffe19e000 	C:\Windows\System32\msvcrt.dll
0x00007ffffd1d0000 - 0x00007ffffd26f000 	C:\Windows\System32\sechost.dll
0x00007ffffe7d0000 - 0x00007ffffe8f3000 	C:\Windows\System32\RPCRT4.dll
0x00007ffffd030000 - 0x00007ffffd057000 	C:\Windows\System32\bcrypt.dll
0x00007ffffd5a0000 - 0x00007ffffd73d000 	C:\Windows\System32\USER32.dll
0x00007ffffd060000 - 0x00007ffffd082000 	C:\Windows\System32\win32u.dll
0x00007ffffd0f0000 - 0x00007ffffd11b000 	C:\Windows\System32\GDI32.dll
0x00007ffffc910000 - 0x00007ffffca2a000 	C:\Windows\System32\gdi32full.dll
0x00007ffffcd30000 - 0x00007ffffcdcd000 	C:\Windows\System32\msvcp_win.dll
0x00007fffee430000 - 0x00007fffee6ca000 	C:\Windows\WinSxS\amd64_microsoft.windows.common-controls_6595b64144ccf1df_6.0.19041.4355_none_60b8b9eb71f62e16\COMCTL32.dll
0x00007ffff56f0000 - 0x00007ffff56fa000 	C:\Windows\SYSTEM32\VERSION.dll
0x00007ffffd7f0000 - 0x00007ffffd81f000 	C:\Windows\System32\IMM32.DLL
0x00007fffd7b70000 - 0x00007fffd7b7c000 	C:\Users\PC\java\jdk-17.0.10\bin\vcruntime140_1.dll
0x00007fffd33b0000 - 0x00007fffd343e000 	C:\Users\PC\java\jdk-17.0.10\bin\msvcp140.dll
0x00007fff760d0000 - 0x00007fff76caf000 	C:\Users\PC\java\jdk-17.0.10\bin\server\jvm.dll
0x00007ffffd820000 - 0x00007ffffd828000 	C:\Windows\System32\PSAPI.DLL
0x00007fffeab60000 - 0x00007fffeab69000 	C:\Windows\SYSTEM32\WSOCK32.dll
0x00007ffffefc0000 - 0x00007fffff02b000 	C:\Windows\System32\WS2_32.dll
0x00007ffff3140000 - 0x00007ffff3167000 	C:\Windows\SYSTEM32\WINMM.dll
0x00007ffffa570000 - 0x00007ffffa582000 	C:\Windows\SYSTEM32\kernel.appcore.dll
0x00007fffd7050000 - 0x00007fffd705a000 	C:\Users\PC\java\jdk-17.0.10\bin\jimage.dll
0x00007ffff2760000 - 0x00007ffff2944000 	C:\Windows\SYSTEM32\DBGHELP.DLL
0x00007fffec4a0000 - 0x00007fffec4d4000 	C:\Windows\SYSTEM32\dbgcore.DLL
0x00007ffffc880000 - 0x00007ffffc902000 	C:\Windows\System32\bcryptPrimitives.dll
0x00007fffd2ba0000 - 0x00007fffd2bae000 	C:\Users\PC\java\jdk-17.0.10\bin\instrument.dll
0x00007fffd3e40000 - 0x00007fffd3e65000 	C:\Users\PC\java\jdk-17.0.10\bin\java.dll
0x00007fffd32d0000 - 0x00007fffd33a7000 	C:\Users\PC\java\jdk-17.0.10\bin\jsvml.dll
0x00007ffffd8a0000 - 0x00007ffffe00d000 	C:\Windows\System32\SHELL32.dll
0x00007ffffa770000 - 0x00007ffffaf14000 	C:\Windows\SYSTEM32\windows.storage.dll
0x00007ffffec60000 - 0x00007ffffefb5000 	C:\Windows\System32\combase.dll
0x00007ffffbf90000 - 0x00007ffffbfbf000 	C:\Windows\SYSTEM32\Wldp.dll
0x00007ffffd290000 - 0x00007ffffd35d000 	C:\Windows\System32\OLEAUT32.dll
0x00007ffffd3c0000 - 0x00007ffffd46d000 	C:\Windows\System32\SHCORE.dll
0x00007ffffd360000 - 0x00007ffffd3b5000 	C:\Windows\System32\shlwapi.dll
0x00007ffffc640000 - 0x00007ffffc664000 	C:\Windows\SYSTEM32\profapi.dll
0x00007fffcd4c0000 - 0x00007fffcd4d8000 	C:\Users\PC\java\jdk-17.0.10\bin\zip.dll
0x00007fffd32b0000 - 0x00007fffd32c9000 	C:\Users\PC\java\jdk-17.0.10\bin\net.dll
0x00007ffff6720000 - 0x00007ffff682a000 	C:\Windows\SYSTEM32\WINHTTP.dll
0x00007ffffbd70000 - 0x00007ffffbddc000 	C:\Windows\system32\mswsock.dll
0x00007fffd3290000 - 0x00007fffd32a6000 	C:\Users\PC\java\jdk-17.0.10\bin\nio.dll
0x00007ffff9950000 - 0x00007ffff996a000 	C:\Program Files\JetBrains\IntelliJ IDEA 2024.1.3\bin\breakgen64.dll
0x00007ffffbab0000 - 0x00007ffffbb7a000 	C:\Windows\SYSTEM32\DNSAPI.dll
0x00007ffffba70000 - 0x00007ffffbaab000 	C:\Windows\SYSTEM32\IPHLPAPI.DLL
0x00007ffffe0f0000 - 0x00007ffffe0f8000 	C:\Windows\System32\NSI.dll
0x00007ffff5bd0000 - 0x00007ffff5bda000 	C:\Windows\System32\rasadhlp.dll
0x00007ffff6130000 - 0x00007ffff61b0000 	C:\Windows\System32\fwpuclnt.dll
0x00007fffd3280000 - 0x00007fffd328a000 	C:\Users\PC\java\jdk-17.0.10\bin\management.dll
0x00007fffd2cc0000 - 0x00007fffd2ccb000 	C:\Users\PC\java\jdk-17.0.10\bin\management_ext.dll
0x00007ffffc350000 - 0x00007ffffc368000 	C:\Windows\SYSTEM32\CRYPTSP.dll
0x00007ffffb6b0000 - 0x00007ffffb6e4000 	C:\Windows\system32\rsaenh.dll
0x00007ffffc5c0000 - 0x00007ffffc5ee000 	C:\Windows\SYSTEM32\USERENV.dll
0x00007ffffbf00000 - 0x00007ffffbf0c000 	C:\Windows\SYSTEM32\CRYPTBASE.dll
0x00007ffff7910000 - 0x00007ffff7927000 	C:\Windows\SYSTEM32\dhcpcsvc6.DLL
0x00007ffff6fb0000 - 0x00007ffff6fcd000 	C:\Windows\SYSTEM32\dhcpcsvc.DLL
0x00007fffddfa0000 - 0x00007fffddfb7000 	C:\Windows\system32\napinsp.dll
0x00007fffddef0000 - 0x00007fffddf0b000 	C:\Windows\system32\pnrpnsp.dll
0x00007fffdded0000 - 0x00007fffddee5000 	C:\Windows\system32\wshbth.dll
0x00007ffff9040000 - 0x00007ffff905d000 	C:\Windows\system32\NLAapi.dll
0x00007fffdde20000 - 0x00007fffdde32000 	C:\Windows\System32\winrnr.dll
0x00007fffd7000000 - 0x00007fffd7010000 	C:\Users\PC\java\jdk-17.0.10\bin\verify.dll

dbghelp: loaded successfully - version: 4.0.5 - missing functions: none
symbol engine: initialized successfully - sym options: 0x614 - pdb path: .;C:\Users\PC\java\jdk-17.0.10\bin;C:\Windows\SYSTEM32;C:\Windows\WinSxS\amd64_microsoft.windows.common-controls_6595b64144ccf1df_6.0.19041.4355_none_60b8b9eb71f62e16;C:\Users\PC\java\jdk-17.0.10\bin\server;C:\Program Files\JetBrains\IntelliJ IDEA 2024.1.3\bin

VM Arguments:
jvm_args: -XX:TieredStopAtLevel=1 -Dspring.output.ansi.enabled=always -Dcom.sun.management.jmxremote -Dspring.jmx.enabled=true -Dspring.liveBeansView.mbeanDomain -Dspring.application.admin.enabled=true -Dmanagement.endpoints.jmx.exposure.include=* -javaagent:C:\Program Files\JetBrains\IntelliJ IDEA 2024.1.3\lib\idea_rt.jar=62113:C:\Program Files\JetBrains\IntelliJ IDEA 2024.1.3\bin -Dfile.encoding=UTF-8 
java_command: com.yanoos.MemberApplication
java_class_path (initial): C:\Users\PC\Desktop\my-cluster\crawler_core\build\classes\java\main;C:\Users\PC\Desktop\my-cluster\crawler_core\build\resources\main;C:\Users\PC\.gradle\caches\modules-2\files-2.1\org.projectlombok\lombok\1.18.30\f195ee86e6c896ea47a1d39defbe20eb59cd149d\lombok-1.18.30.jar;C:\Users\PC\.gradle\caches\modules-2\files-2.1\com.querydsl\querydsl-apt\5.0.0\d48657412f2b96d787bbe5ae393e33815c94b4d0\querydsl-apt-5.0.0-jakarta.jar;C:\Users\PC\.gradle\caches\modules-2\files-2.1\org.springframework.boot\spring-boot-starter-data-jpa\3.2.2\65cf3aad09f0218b7dfab849c9b0350d0a9e0d81\spring-boot-starter-data-jpa-3.2.2.jar;C:\Users\PC\.gradle\caches\modules-2\files-2.1\org.springframework.boot\spring-boot-starter-thymeleaf\3.2.2\d1895c9a600547d53dddfff7c57ab7838df5d65\spring-boot-starter-thymeleaf-3.2.2.jar;C:\Users\PC\.gradle\caches\modules-2\files-2.1\org.springframework.boot\spring-boot-starter-web\3.2.2\b89d213d9f49c3e6247b2503ac7d94b0ac8260f6\spring-boot-starter-web-3.2.2.jar;C:\Users\PC\.gradle\caches\modules-2\files-2.1\org.springframework.boot\spring-boot-starter-security\3.2.2\79676d6fe68878890e26be10ecab126f472d7c0f\spring-boot-starter-security-3.2.2.jar;C:\Users\PC\.gradle\caches\modules-2\files-2.1\org.springframework.boot\spring-boot-starter-validation\3.2.2\faedd363ffbafde6a23bc7183ce79de11a96e780\spring-boot-starter-validation-3.2.2.jar;C:\Users\PC\.gradle\caches\modules-2\files-2.1\org.springframework.boot\spring-boot-starter-webflux\3.2.2\25ae11864604f8f7b504b9feae710b859aed6464\spring-boot-starter-webflux-3.2.2.jar;C:\Users\PC\.gradle\caches\modules-2\files-2.1\jakarta.annotation\jakarta.annotation-api\2.1.1\48b9bda22b091b1f48b13af03fe36db3be6e1ae3\jakarta.annotation-api-2.1.1.jar;C:\Users\PC\.gradle\caches\modules-2\files-2.1\jakarta.persistence\jakarta.persistence-api\3.1.0\66901fa1c373c6aff65c13791cc11da72060a8d6\jakarta.persistence-api-3.1.0.jar;C:\Users\PC\.gradle\caches\modules-2\files-2.1\org.mapstruct\mapstruct-processor\1.4.2.Fina
Launcher Type: SUN_STANDARD

[Global flags]
     intx CICompilerCount                          = 3                                         {product} {ergonomic}
     uint ConcGCThreads                            = 2                                         {product} {ergonomic}
     uint G1ConcRefinementThreads                  = 6                                         {product} {ergonomic}
   size_t G1HeapRegionSize                         = 4194304                                   {product} {ergonomic}
    uintx GCDrainStackTargetSize                   = 64                                        {product} {ergonomic}
   size_t InitialHeapSize                          = 536870912                                 {product} {ergonomic}
     bool ManagementServer                         = true                                      {product} {command line}
   size_t MarkStackSize                            = 4194304                                   {product} {ergonomic}
   size_t MaxHeapSize                              = 8577351680                                {product} {ergonomic}
   size_t MaxNewSize                               = 5146411008                                {product} {ergonomic}
   size_t MinHeapDeltaBytes                        = 4194304                                   {product} {ergonomic}
   size_t MinHeapSize                              = 8388608                                   {product} {ergonomic}
    uintx NonProfiledCodeHeapSize                  = 0                                      {pd product} {ergonomic}
     bool ProfileInterpreter                       = false                                  {pd product} {command line}
    uintx ProfiledCodeHeapSize                     = 0                                      {pd product} {ergonomic}
   size_t SoftMaxHeapSize                          = 8577351680                             {manageable} {ergonomic}
     intx TieredStopAtLevel                        = 1                                         {product} {command line}
     bool UseCompressedClassPointers               = true                           {product lp64_product} {ergonomic}
     bool UseCompressedOops                        = true                           {product lp64_product} {ergonomic}
     bool UseG1GC                                  = true                                      {product} {ergonomic}
     bool UseLargePagesIndividualAllocation        = false                                  {pd product} {ergonomic}

Logging:
Log output configuration:
 #0: stdout all=warning uptime,level,tags
 #1: stderr all=off uptime,level,tags

Environment Variables:
JAVA_HOME=C:\Users\PC\java\jdk-17.0.10
PATH=C:\Windows\system32;C:\Windows;C:\Windows\System32\Wbem;C:\Windows\System32\WindowsPowerShell\v1.0\;C:\Windows\System32\OpenSSH\;C:\Program Files\Bandizip\;C:\Program Files\Git\cmd;C:\Users\PC\java\jdk-17.0.10\bin;C:\Program Files\MariaDB 11.4\bin;C:\Program Files\Docker\Docker\resources\bin;C:\Program Files\Redis;C:\Users\PC\AppData\Local\Microsoft\WindowsApps;C:\Users\PC\AppData\Local\Programs\Microsoft VS Code\bin
USERNAME=PC
OS=Windows_NT
PROCESSOR_IDENTIFIER=Intel64 Family 6 Model 158 Stepping 10, GenuineIntel



---------------  S Y S T E M  ---------------

OS:
 Windows 10 , 64 bit Build 19041 (10.0.19041.5438)
OS uptime: 0 days 1:33 hours
Hyper-V role detected

CPU: total 6 (initial active 6) (6 cores per cpu, 1 threads per core) family 6 model 158 stepping 10 microcode 0xb4, cx8, cmov, fxsr, mmx, 3dnowpref, sse, sse2, sse3, ssse3, sse4.1, sse4.2, popcnt, lzcnt, tsc, tscinvbit, avx, avx2, aes, erms, clmul, bmi1, bmi2, adx, fma, vzeroupper, clflush, clflushopt, hv

Memory: 4k page, system-wide physical 32712M (2234M free)
TotalPageFile size 91607M (AvailPageFile size 50173M)
current process WorkingSet (physical memory assigned to process): 111M, peak: 111M
current process commit charge ("private bytes"): 635M, peak: 635M

vm_info: Java HotSpot(TM) 64-Bit Server VM (17.0.10+11-LTS-240) for windows-amd64 JRE (17.0.10+11-LTS-240), built on Dec 19 2023 21:47:25 by "mach5one" with MS VC++ 17.1 (VS2022)

END.
